=== R-LSHADE D=10 started at Sun Dec 28 03:19:23 PM EET 2025 on srv-01 ===
Output dir: experiments/r_lshade_D10_nfev_100000
Total tasks (functions × runs): 1530
Using up to 180 worker processes.
WARNING: f2 has been deprecated from the CEC 2017 benchmark suite
WARNING: f2 has been deprecated from the CEC 2017 benchmark suite
WARNING: f2 has been deprecated from the CEC 2017 benchmark suite
WARNING: f2 has been deprecated from the CEC 2017 benchmark suite
WARNING: f2 has been deprecated from the CEC 2017 benchmark suite
WARNING: f2 has been deprecated from the CEC 2017 benchmark suite
WARNING: f2 has been deprecated from the CEC 2017 benchmark suiteWARNING: f2 has been deprecated from the CEC 2017 benchmark suite

WARNING: f2 has been deprecated from the CEC 2017 benchmark suite
WARNING: f2 has been deprecated from the CEC 2017 benchmark suite
WARNING: f2 has been deprecated from the CEC 2017 benchmark suite
WARNING: f2 has been deprecated from the CEC 2017 benchmark suite
WARNING: f2 has been deprecated from the CEC 2017 benchmark suite
WARNING: f2 has been deprecated from the CEC 2017 benchmark suite
WARNING: f2 has been deprecated from the CEC 2017 benchmark suite
WARNING: f2 has been deprecated from the CEC 2017 benchmark suite
WARNING: f2 has been deprecated from the CEC 2017 benchmark suite
WARNING: f2 has been deprecated from the CEC 2017 benchmark suite
WARNING: f2 has been deprecated from the CEC 2017 benchmark suite
WARNING: f2 has been deprecated from the CEC 2017 benchmark suite
WARNING: f2 has been deprecated from the CEC 2017 benchmark suite
WARNING: f2 has been deprecated from the CEC 2017 benchmark suite
WARNING: f2 has been deprecated from the CEC 2017 benchmark suite
WARNING: f2 has been deprecated from the CEC 2017 benchmark suite
WARNING: f2 has been deprecated from the CEC 2017 benchmark suite
WARNING: f2 has been deprecated from the CEC 2017 benchmark suite
WARNING: f2 has been deprecated from the CEC 2017 benchmark suite
WARNING: f2 has been deprecated from the CEC 2017 benchmark suite
WARNING: f2 has been deprecated from the CEC 2017 benchmark suite
WARNING: f2 has been deprecated from the CEC 2017 benchmark suite
WARNING: f2 has been deprecated from the CEC 2017 benchmark suite
WARNING: f2 has been deprecated from the CEC 2017 benchmark suite
WARNING: f2 has been deprecated from the CEC 2017 benchmark suite
WARNING: f2 has been deprecated from the CEC 2017 benchmark suite
WARNING: f2 has been deprecated from the CEC 2017 benchmark suite
WARNING: f2 has been deprecated from the CEC 2017 benchmark suiteWARNING: f2 has been deprecated from the CEC 2017 benchmark suite

WARNING: f2 has been deprecated from the CEC 2017 benchmark suite
WARNING: f2 has been deprecated from the CEC 2017 benchmark suite
WARNING: f2 has been deprecated from the CEC 2017 benchmark suite
WARNING: f2 has been deprecated from the CEC 2017 benchmark suite
WARNING: f2 has been deprecated from the CEC 2017 benchmark suiteWARNING: f2 has been deprecated from the CEC 2017 benchmark suiteWARNING: f2 has been deprecated from the CEC 2017 benchmark suite


WARNING: f2 has been deprecated from the CEC 2017 benchmark suite
WARNING: f2 has been deprecated from the CEC 2017 benchmark suite
WARNING: f2 has been deprecated from the CEC 2017 benchmark suite
WARNING: f2 has been deprecated from the CEC 2017 benchmark suite
WARNING: f2 has been deprecated from the CEC 2017 benchmark suite
WARNING: f2 has been deprecated from the CEC 2017 benchmark suite
WARNING: f2 has been deprecated from the CEC 2017 benchmark suite
  Global progress: 20/1530
  Global progress: 40/1530
  Global progress: 60/1530
  Global progress: 80/1530
  Global progress: 100/1530
  Global progress: 120/1530
  Global progress: 140/1530
  Global progress: 160/1530
  Global progress: 180/1530
  Global progress: 200/1530
  Global progress: 220/1530
  Global progress: 240/1530
  Global progress: 260/1530
  Global progress: 280/1530
  Global progress: 300/1530
  Global progress: 320/1530
  Global progress: 340/1530
  Global progress: 360/1530
  Global progress: 380/1530
  Global progress: 400/1530
  Global progress: 420/1530
  Global progress: 440/1530
  Global progress: 460/1530
  Global progress: 480/1530
  Global progress: 500/1530
  Global progress: 520/1530
  Global progress: 540/1530
  Global progress: 560/1530
  Global progress: 580/1530
  Global progress: 600/1530
  Global progress: 620/1530
  Global progress: 640/1530
  Global progress: 660/1530
  Global progress: 680/1530
  Global progress: 700/1530
  Global progress: 720/1530
  Global progress: 740/1530
  Global progress: 760/1530
  Global progress: 780/1530
  Global progress: 800/1530
  Global progress: 820/1530
  Global progress: 840/1530
  Global progress: 860/1530
  Global progress: 880/1530
  Global progress: 900/1530
  Global progress: 920/1530
  Global progress: 940/1530
  Global progress: 960/1530
  Global progress: 980/1530
  Global progress: 1000/1530
  Global progress: 1020/1530
  Global progress: 1040/1530
  Global progress: 1060/1530
  Global progress: 1080/1530
  Global progress: 1100/1530
  Global progress: 1120/1530
  Global progress: 1140/1530
  Global progress: 1160/1530
  Global progress: 1180/1530
  Global progress: 1200/1530
  Global progress: 1220/1530
  Global progress: 1240/1530
  Global progress: 1260/1530
  Global progress: 1280/1530
  Global progress: 1300/1530
  Global progress: 1320/1530
  Global progress: 1340/1530
  Global progress: 1360/1530
  Global progress: 1380/1530
  Global progress: 1400/1530
  Global progress: 1420/1530
  Global progress: 1440/1530
  Global progress: 1460/1530
  Global progress: 1480/1530
  Global progress: 1500/1530
  Global progress: 1520/1530
  Global progress: 1530/1530
Total wall time (all functions): 824.18 s

====================================================
Function: cec2017_f1  | Optimum = 100.0
====================================================
  Mean error  : 0.0000e+00
  Best error  : 0.0000e+00
  Worst error : 0.0000e+00
  Final pop   : 4.0 (min=4, max=4)

====================================================
Function: cec2017_f2  | Optimum = 200.0
====================================================
  Mean error  : 0.0000e+00
  Best error  : 0.0000e+00
  Worst error : 0.0000e+00
  Final pop   : 4.0 (min=4, max=4)

====================================================
Function: cec2017_f3  | Optimum = 300.0
====================================================
  Mean error  : 0.0000e+00
  Best error  : 0.0000e+00
  Worst error : 0.0000e+00
  Final pop   : 4.0 (min=4, max=4)

====================================================
Function: cec2017_f4  | Optimum = 400.0
====================================================
  Mean error  : 0.0000e+00
  Best error  : 0.0000e+00
  Worst error : 0.0000e+00
  Final pop   : 4.0 (min=4, max=4)

====================================================
Function: cec2017_f5  | Optimum = 500.0
====================================================
  Mean error  : 2.9083e+00
  Best error  : 9.9546e-01
  Worst error : 4.9752e+00
  Final pop   : 4.0 (min=4, max=4)

====================================================
Function: cec2017_f6  | Optimum = 600.0
====================================================
  Mean error  : 2.7865e-08
  Best error  : 0.0000e+00
  Worst error : 1.4211e-06
  Final pop   : 4.0 (min=4, max=4)

====================================================
Function: cec2017_f7  | Optimum = 700.0
====================================================
  Mean error  : 1.2269e+01
  Best error  : 1.0598e+01
  Worst error : 1.4643e+01
  Final pop   : 4.0 (min=4, max=4)

====================================================
Function: cec2017_f8  | Optimum = 800.0
====================================================
  Mean error  : 2.6750e+00
  Best error  : 9.9656e-01
  Worst error : 4.9750e+00
  Final pop   : 4.0 (min=4, max=4)

====================================================
Function: cec2017_f9  | Optimum = 900.0
====================================================
  Mean error  : 0.0000e+00
  Best error  : 0.0000e+00
  Worst error : 0.0000e+00
  Final pop   : 4.0 (min=4, max=4)

====================================================
Function: cec2017_f10  | Optimum = 1000.0
====================================================
  Mean error  : 3.1943e+01
  Best error  : 4.7854e-01
  Worst error : 1.3707e+02
  Final pop   : 4.0 (min=4, max=4)

====================================================
Function: cec2017_f11  | Optimum = 1100.0
====================================================
  Mean error  : 5.0647e-01
  Best error  : 0.0000e+00
  Worst error : 2.0870e+00
  Final pop   : 4.0 (min=4, max=4)

====================================================
Function: cec2017_f12  | Optimum = 1200.0
====================================================
  Mean error  : 5.3439e+01
  Best error  : 3.8183e-05
  Worst error : 2.3708e+02
  Final pop   : 4.0 (min=4, max=4)

====================================================
Function: cec2017_f13  | Optimum = 1300.0
====================================================
  Mean error  : 3.9174e+00
  Best error  : 0.0000e+00
  Worst error : 6.5081e+00
  Final pop   : 4.0 (min=4, max=4)

====================================================
Function: cec2017_f14  | Optimum = 1400.0
====================================================
  Mean error  : 5.8251e-01
  Best error  : 0.0000e+00
  Worst error : 2.0007e+01
  Final pop   : 4.0 (min=4, max=4)

====================================================
Function: cec2017_f15  | Optimum = 1500.0
====================================================
  Mean error  : 1.6285e-01
  Best error  : 1.3035e-04
  Worst error : 5.0000e-01
  Final pop   : 4.0 (min=4, max=4)

====================================================
Function: cec2017_f16  | Optimum = 1600.0
====================================================
  Mean error  : 3.5527e-01
  Best error  : 1.5926e-02
  Worst error : 7.4767e-01
  Final pop   : 4.0 (min=4, max=4)

====================================================
Function: cec2017_f17  | Optimum = 1700.0
====================================================
  Mean error  : 1.7245e-01
  Best error  : 5.0460e-03
  Worst error : 1.0381e+00
  Final pop   : 4.0 (min=4, max=4)

====================================================
Function: cec2017_f18  | Optimum = 1800.0
====================================================
  Mean error  : 6.5776e-01
  Best error  : 1.4356e-04
  Worst error : 2.0150e+01
  Final pop   : 4.0 (min=4, max=4)

====================================================
Function: cec2017_f19  | Optimum = 1900.0
====================================================
  Mean error  : 1.0518e-02
  Best error  : 7.9936e-07
  Worst error : 1.3409e-01
  Final pop   : 4.0 (min=4, max=4)

====================================================
Function: cec2017_f20  | Optimum = 2000.0
====================================================
  Mean error  : 3.3489e-05
  Best error  : 2.5455e-05
  Worst error : 3.0957e-04
  Final pop   : 4.0 (min=4, max=4)

====================================================
Function: cec2017_f21  | Optimum = 2100.0
====================================================
  Mean error  : 1.4819e+02
  Best error  : 1.0000e+02
  Worst error : 2.0515e+02
  Final pop   : 4.0 (min=4, max=4)

====================================================
Function: cec2017_f22  | Optimum = 2200.0
====================================================
  Mean error  : 9.6078e+01
  Best error  : 0.0000e+00
  Worst error : 1.0000e+02
  Final pop   : 4.0 (min=4, max=4)

====================================================
Function: cec2017_f23  | Optimum = 2300.0
====================================================
  Mean error  : 3.0382e+02
  Best error  : 3.0002e+02
  Worst error : 3.0629e+02
  Final pop   : 4.0 (min=4, max=4)

====================================================
Function: cec2017_f24  | Optimum = 2400.0
====================================================
  Mean error  : 2.9670e+02
  Best error  : 4.5475e-13
  Worst error : 3.3393e+02
  Final pop   : 4.0 (min=4, max=4)

====================================================
Function: cec2017_f25  | Optimum = 2500.0
====================================================
  Mean error  : 4.0794e+02
  Best error  : 3.9801e+02
  Worst error : 4.4580e+02
  Final pop   : 4.0 (min=4, max=4)

====================================================
Function: cec2017_f26  | Optimum = 2600.0
====================================================
  Mean error  : 3.0000e+02
  Best error  : 3.0000e+02
  Worst error : 3.0000e+02
  Final pop   : 4.0 (min=4, max=4)

====================================================
Function: cec2017_f27  | Optimum = 2700.0
====================================================
  Mean error  : 3.8946e+02
  Best error  : 3.8901e+02
  Worst error : 3.8952e+02
  Final pop   : 4.0 (min=4, max=4)

====================================================
Function: cec2017_f28  | Optimum = 2800.0
====================================================
  Mean error  : 3.4726e+02
  Best error  : 3.0000e+02
  Worst error : 6.1182e+02
  Final pop   : 4.0 (min=4, max=4)

====================================================
Function: cec2017_f29  | Optimum = 2900.0
====================================================
  Mean error  : 2.3517e+02
  Best error  : 2.2837e+02
  Worst error : 2.4901e+02
  Final pop   : 4.0 (min=4, max=4)

====================================================
Function: cec2017_f30  | Optimum = 3000.0
====================================================
  Mean error  : 4.0849e+02
  Best error  : 3.9401e+02
  Worst error : 4.6364e+02
  Final pop   : 4.0 (min=4, max=4)

====================================================
Benchmark complete!
====================================================
Summary CSV: experiments/r_lshade_D10_nfev_100000/summary_lshade.csv
Raw pickle: experiments/r_lshade_D10_nfev_100000/raw_results_lshade.pkl
=== R-LSHADE D=10 finished at Sun Dec 28 03:33:19 PM EET 2025 ===
