=== R-LSHADE D=30 started at Sun Dec 28 03:33:21 PM EET 2025 on srv-01 ===
Output dir: experiments/r_lshade_D30
Total tasks (functions × runs): 1530
Using up to 180 worker processes.
WARNING: f2 has been deprecated from the CEC 2017 benchmark suite
WARNING: f2 has been deprecated from the CEC 2017 benchmark suite
WARNING: f2 has been deprecated from the CEC 2017 benchmark suite
WARNING: f2 has been deprecated from the CEC 2017 benchmark suite
WARNING: f2 has been deprecated from the CEC 2017 benchmark suite
WARNING: f2 has been deprecated from the CEC 2017 benchmark suite
WARNING: f2 has been deprecated from the CEC 2017 benchmark suite
WARNING: f2 has been deprecated from the CEC 2017 benchmark suite
WARNING: f2 has been deprecated from the CEC 2017 benchmark suite
WARNING: f2 has been deprecated from the CEC 2017 benchmark suite
WARNING: f2 has been deprecated from the CEC 2017 benchmark suite
WARNING: f2 has been deprecated from the CEC 2017 benchmark suite
WARNING: f2 has been deprecated from the CEC 2017 benchmark suite
WARNING: f2 has been deprecated from the CEC 2017 benchmark suite
WARNING: f2 has been deprecated from the CEC 2017 benchmark suite
WARNING: f2 has been deprecated from the CEC 2017 benchmark suite
WARNING: f2 has been deprecated from the CEC 2017 benchmark suite
WARNING: f2 has been deprecated from the CEC 2017 benchmark suite
WARNING: f2 has been deprecated from the CEC 2017 benchmark suite
WARNING: f2 has been deprecated from the CEC 2017 benchmark suite
WARNING: f2 has been deprecated from the CEC 2017 benchmark suite
WARNING: f2 has been deprecated from the CEC 2017 benchmark suite
WARNING: f2 has been deprecated from the CEC 2017 benchmark suite
WARNING: f2 has been deprecated from the CEC 2017 benchmark suite
WARNING: f2 has been deprecated from the CEC 2017 benchmark suite
WARNING: f2 has been deprecated from the CEC 2017 benchmark suite
WARNING: f2 has been deprecated from the CEC 2017 benchmark suite
WARNING: f2 has been deprecated from the CEC 2017 benchmark suiteWARNING: f2 has been deprecated from the CEC 2017 benchmark suiteWARNING: f2 has been deprecated from the CEC 2017 benchmark suiteWARNING: f2 has been deprecated from the CEC 2017 benchmark suiteWARNING: f2 has been deprecated from the CEC 2017 benchmark suite




WARNING: f2 has been deprecated from the CEC 2017 benchmark suite
WARNING: f2 has been deprecated from the CEC 2017 benchmark suite
WARNING: f2 has been deprecated from the CEC 2017 benchmark suite
WARNING: f2 has been deprecated from the CEC 2017 benchmark suite
WARNING: f2 has been deprecated from the CEC 2017 benchmark suite
WARNING: f2 has been deprecated from the CEC 2017 benchmark suiteWARNING: f2 has been deprecated from the CEC 2017 benchmark suiteWARNING: f2 has been deprecated from the CEC 2017 benchmark suiteWARNING: f2 has been deprecated from the CEC 2017 benchmark suite
WARNING: f2 has been deprecated from the CEC 2017 benchmark suiteWARNING: f2 has been deprecated from the CEC 2017 benchmark suite




WARNING: f2 has been deprecated from the CEC 2017 benchmark suite
WARNING: f2 has been deprecated from the CEC 2017 benchmark suite
WARNING: f2 has been deprecated from the CEC 2017 benchmark suite
WARNING: f2 has been deprecated from the CEC 2017 benchmark suite
WARNING: f2 has been deprecated from the CEC 2017 benchmark suite
WARNING: f2 has been deprecated from the CEC 2017 benchmark suite
WARNING: f2 has been deprecated from the CEC 2017 benchmark suite
WARNING: f2 has been deprecated from the CEC 2017 benchmark suite
  Global progress: 20/1530
  Global progress: 40/1530
  Global progress: 60/1530
  Global progress: 80/1530
  Global progress: 100/1530
  Global progress: 120/1530
  Global progress: 140/1530
  Global progress: 160/1530
  Global progress: 180/1530
  Global progress: 200/1530
  Global progress: 220/1530
  Global progress: 240/1530
  Global progress: 260/1530
  Global progress: 280/1530
  Global progress: 300/1530
  Global progress: 320/1530
  Global progress: 340/1530
  Global progress: 360/1530
